<?xml version="1.0" encoding="UTF-8"?>
<!-- Generated by org.testng.reporters.JUnitReportReporter -->
<testsuite hostname="DESKTOP-TDS29AO" failures="0" tests="1" name="testCases.TC_001_Login" time="30.625" errors="0" timestamp="2022-06-23T15:31:19 BDT" skipped="0">
  <testcase classname="testCases.TC_001_Login" name="login" time="30.625"/>
  <system-out/>
</testsuite> <!-- testCases.TC_001_Login -->
